20:30:34.170 [main] FATAL com.sahan.cohor5app.test.MobileTest - This is just a test
20:32:17.988 [main] FATAL com.sahan.cohor5app.test.MobileTest - This is just a test
20:37:48.404 [main] FATAL com.sahan.cohor5app.test.MobileTest - This is just a test
20:39:35.737 [main] FATAL com.sahan.cohor5app.test.MobileTest - THIS IS A FATAL
20:39:35.737 [main] FATAL com.sahan.cohor5app.test.MobileTest - THIS IS A FATAL
20:39:35.744 [main] ERROR com.sahan.cohor5app.test.MobileTest - THIS IS A ERROR
20:39:35.744 [main] ERROR com.sahan.cohor5app.test.MobileTest - THIS IS A ERROR
20:39:35.745 [main] WARN  com.sahan.cohor5app.test.MobileTest - THIS IS A WARN
20:39:35.745 [main] WARN  com.sahan.cohor5app.test.MobileTest - THIS IS A WARN
20:39:35.746 [main] INFO  com.sahan.cohor5app.test.MobileTest - THIS IS A INFO
20:39:35.746 [main] INFO  com.sahan.cohor5app.test.MobileTest - THIS IS A INFO
20:39:35.746 [main] DEBUG com.sahan.cohor5app.test.MobileTest - THIS IS A DEBUG
20:39:35.746 [main] DEBUG com.sahan.cohor5app.test.MobileTest - THIS IS A DEBUG
20:39:35.747 [main] TRACE com.sahan.cohor5app.test.MobileTest - THIS IS A TRACE
20:39:35.747 [main] TRACE com.sahan.cohor5app.test.MobileTest - THIS IS A TRACE
20:42:55.594 [main] FATAL com.sahan.cohor5app.test.MobileTest - THIS IS A FATAL
20:42:55.594 [main] FATAL com.sahan.cohor5app.test.MobileTest - THIS IS A FATAL
20:42:55.601 [main] ERROR com.sahan.cohor5app.test.MobileTest - THIS IS A ERROR
20:42:55.601 [main] ERROR com.sahan.cohor5app.test.MobileTest - THIS IS A ERROR
20:42:55.601 [main] WARN  com.sahan.cohor5app.test.MobileTest - THIS IS A WARN
20:42:55.601 [main] WARN  com.sahan.cohor5app.test.MobileTest - THIS IS A WARN
20:42:55.601 [main] INFO  com.sahan.cohor5app.test.MobileTest - THIS IS A INFO
20:42:55.601 [main] INFO  com.sahan.cohor5app.test.MobileTest - THIS IS A INFO
20:42:55.602 [main] DEBUG com.sahan.cohor5app.test.MobileTest - THIS IS A DEBUG
20:42:55.602 [main] DEBUG com.sahan.cohor5app.test.MobileTest - THIS IS A DEBUG
20:42:55.602 [main] TRACE com.sahan.cohor5app.test.MobileTest - THIS IS A TRACE
20:42:55.602 [main] TRACE com.sahan.cohor5app.test.MobileTest - THIS IS A TRACE
20:43:12.334 [main] FATAL com.sahan.cohor5app.test.MobileTest - THIS IS A FATAL
20:43:12.334 [main] FATAL com.sahan.cohor5app.test.MobileTest - THIS IS A FATAL
20:43:12.346 [main] ERROR com.sahan.cohor5app.test.MobileTest - THIS IS A ERROR
20:43:12.346 [main] ERROR com.sahan.cohor5app.test.MobileTest - THIS IS A ERROR
20:43:12.346 [main] WARN  com.sahan.cohor5app.test.MobileTest - THIS IS A WARN
20:43:12.346 [main] WARN  com.sahan.cohor5app.test.MobileTest - THIS IS A WARN
20:43:12.346 [main] INFO  com.sahan.cohor5app.test.MobileTest - THIS IS A INFO
20:43:12.346 [main] INFO  com.sahan.cohor5app.test.MobileTest - THIS IS A INFO
20:43:12.346 [main] DEBUG com.sahan.cohor5app.test.MobileTest - THIS IS A DEBUG
20:43:12.346 [main] DEBUG com.sahan.cohor5app.test.MobileTest - THIS IS A DEBUG
20:43:12.346 [main] TRACE com.sahan.cohor5app.test.MobileTest - THIS IS A TRACE
20:43:12.346 [main] TRACE com.sahan.cohor5app.test.MobileTest - THIS IS A TRACE
20:43:18.667 [main] FATAL com.sahan.cohor5app.test.MobileTest - THIS IS A FATAL
20:43:18.667 [main] FATAL com.sahan.cohor5app.test.MobileTest - THIS IS A FATAL
20:43:18.671 [main] ERROR com.sahan.cohor5app.test.MobileTest - THIS IS A ERROR
20:43:18.671 [main] ERROR com.sahan.cohor5app.test.MobileTest - THIS IS A ERROR
20:43:18.671 [main] WARN  com.sahan.cohor5app.test.MobileTest - THIS IS A WARN
20:43:18.671 [main] WARN  com.sahan.cohor5app.test.MobileTest - THIS IS A WARN
20:43:18.671 [main] INFO  com.sahan.cohor5app.test.MobileTest - THIS IS A INFO
20:43:18.671 [main] INFO  com.sahan.cohor5app.test.MobileTest - THIS IS A INFO
20:43:18.672 [main] DEBUG com.sahan.cohor5app.test.MobileTest - THIS IS A DEBUG
20:43:18.672 [main] DEBUG com.sahan.cohor5app.test.MobileTest - THIS IS A DEBUG
20:43:18.672 [main] TRACE com.sahan.cohor5app.test.MobileTest - THIS IS A TRACE
20:43:18.672 [main] TRACE com.sahan.cohor5app.test.MobileTest - THIS IS A TRACE
20:44:35.222 [main] FATAL com.sahan.cohor5app.test.MobileTest - THIS IS A FATAL
20:44:35.222 [main] FATAL com.sahan.cohor5app.test.MobileTest - THIS IS A FATAL
20:44:35.228 [main] ERROR com.sahan.cohor5app.test.MobileTest - THIS IS A ERROR
20:44:35.228 [main] ERROR com.sahan.cohor5app.test.MobileTest - THIS IS A ERROR
20:44:35.234 [main] WARN  com.sahan.cohor5app.test.MobileTest - THIS IS A WARN
20:44:35.234 [main] WARN  com.sahan.cohor5app.test.MobileTest - THIS IS A WARN
20:44:35.234 [main] INFO  com.sahan.cohor5app.test.MobileTest - THIS IS A INFO
20:44:35.234 [main] INFO  com.sahan.cohor5app.test.MobileTest - THIS IS A INFO
20:44:35.235 [main] DEBUG com.sahan.cohor5app.test.MobileTest - THIS IS A DEBUG
20:44:35.235 [main] DEBUG com.sahan.cohor5app.test.MobileTest - THIS IS A DEBUG
20:44:35.235 [main] TRACE com.sahan.cohor5app.test.MobileTest - THIS IS A TRACE
20:44:35.235 [main] TRACE com.sahan.cohor5app.test.MobileTest - THIS IS A TRACE
